0 info it worked if it ends with ok
1 verbose cli [ 'C:\\Program Files\\nodejs\\node.exe',
1 verbose cli   'C:\\Program Files\\nodejs\\node_modules\\npm\\bin\\npm-cli.js',
1 verbose cli   'run',
1 verbose cli   'test' ]
2 info using npm@3.10.10
3 info using node@v6.9.4
4 verbose run-script [ 'pretest', 'test', 'posttest' ]
5 info lifecycle tinkoff_fintech_frontend_3@1.0.0~pretest: tinkoff_fintech_frontend_3@1.0.0
6 silly lifecycle tinkoff_fintech_frontend_3@1.0.0~pretest: no script for pretest, continuing
7 info lifecycle tinkoff_fintech_frontend_3@1.0.0~test: tinkoff_fintech_frontend_3@1.0.0
8 verbose lifecycle tinkoff_fintech_frontend_3@1.0.0~test: unsafe-perm in lifecycle true
9 verbose lifecycle tinkoff_fintech_frontend_3@1.0.0~test: PATH: C:\Users\elin\AppData\Roaming\nvm\v6.9.4\node_modules\npm\bin\node-gyp-bin;C:\Users\elin\Documents\GitHub\Fintech-Javascript-3\node_modules\.bin;C:\Windows\system32;C:\Windows;C:\Windows\System32\Wbem;C:\Windows\System32\WindowsPowerShell\v1.0\;C:\Program Files (x86)\NVIDIA Corporation\PhysX\Common;C:\Program Files (x86)\Yarn\bin;C:\Users\elin\AppData\Roaming\nvm;C:\Program Files\nodejs;C:\Program Files\dotnet\;C:\Program Files\Microsoft SQL Server\130\Tools\Binn\;C:\WINDOWS\system32;C:\WINDOWS;C:\WINDOWS\System32\Wbem;C:\WINDOWS\System32\WindowsPowerShell\v1.0\;C:\Users\elin\AppData\Local\pip;C:\Users\elin\AppData\Local\Programs\Python\Python36-32;C:\MinGW\bin;C:\MinGW;C:\swigwin-3.0.12;C:\pybox2d;C:\mingw-w64\i686-7.2.0-posix-dwarf-rt_v5-rev0\mingw32;C:\mingw-w64\i686-7.2.0-posix-dwarf-rt_v5-rev0;C:\mingw-w64;C:\Users\elin\AppData\Local\Programs\Python\Python36-32\Scripts\;C:\Users\elin\AppData\Local\Programs\Python\Python36-32\;C:\Users\elin\AppData\Local\Microsoft\WindowsApps;C:\Program Files\Microsoft VS Code\bin;C:\Users\elin\AppData\Roaming\npm;C:\Users\elin\AppData\Local\Yarn\bin;C:\Users\elin\AppData\Roaming\nvm;C:\Program Files\nodejs;C:\Users\elin\AppData\Local\pip;C:\Users\elin\AppData\Local\Programs\Python\Python36-32;C:\MinGW\bin;C:\MinGW;C:\swigwin-3.0.12;C:\pybox2d;C:\mingw-w64\i686-7.2.0-posix-dwarf-rt_v5-rev0;C:\mingw-w64;C:\mingw-w64\i686-7.2.0-posix-dwarf-rt_v5-rev0\mingw32;
10 verbose lifecycle tinkoff_fintech_frontend_3@1.0.0~test: CWD: C:\Users\elin\Documents\GitHub\Fintech-Javascript-3
11 silly lifecycle tinkoff_fintech_frontend_3@1.0.0~test: Args: [ '/d /s /c',
11 silly lifecycle   'npm run unit-tests && npm run lint && npm run lint-css && npm run lint-html' ]
12 silly lifecycle tinkoff_fintech_frontend_3@1.0.0~test: Returned: code: 1  signal: null
13 info lifecycle tinkoff_fintech_frontend_3@1.0.0~test: Failed to exec test script
14 verbose stack Error: tinkoff_fintech_frontend_3@1.0.0 test: `npm run unit-tests && npm run lint && npm run lint-css && npm run lint-html`
14 verbose stack Exit status 1
14 verbose stack     at EventEmitter.<anonymous> (C:\Users\elin\AppData\Roaming\nvm\v6.9.4\node_modules\npm\lib\utils\lifecycle.js:255:16)
14 verbose stack     at emitTwo (events.js:106:13)
14 verbose stack     at EventEmitter.emit (events.js:191:7)
14 verbose stack     at ChildProcess.<anonymous> (C:\Users\elin\AppData\Roaming\nvm\v6.9.4\node_modules\npm\lib\utils\spawn.js:40:14)
14 verbose stack     at emitTwo (events.js:106:13)
14 verbose stack     at ChildProcess.emit (events.js:191:7)
14 verbose stack     at maybeClose (internal/child_process.js:877:16)
14 verbose stack     at Process.ChildProcess._handle.onexit (internal/child_process.js:226:5)
15 verbose pkgid tinkoff_fintech_frontend_3@1.0.0
16 verbose cwd C:\Users\elin\Documents\GitHub\Fintech-Javascript-3
17 error Windows_NT 10.0.16299
18 error argv "C:\\Program Files\\nodejs\\node.exe" "C:\\Program Files\\nodejs\\node_modules\\npm\\bin\\npm-cli.js" "run" "test"
19 error node v6.9.4
20 error npm  v3.10.10
21 error code ELIFECYCLE
22 error tinkoff_fintech_frontend_3@1.0.0 test: `npm run unit-tests && npm run lint && npm run lint-css && npm run lint-html`
22 error Exit status 1
23 error Failed at the tinkoff_fintech_frontend_3@1.0.0 test script 'npm run unit-tests && npm run lint && npm run lint-css && npm run lint-html'.
23 error Make sure you have the latest version of node.js and npm installed.
23 error If you do, this is most likely a problem with the tinkoff_fintech_frontend_3 package,
23 error not with npm itself.
23 error Tell the author that this fails on your system:
23 error     npm run unit-tests && npm run lint && npm run lint-css && npm run lint-html
23 error You can get information on how to open an issue for this project with:
23 error     npm bugs tinkoff_fintech_frontend_3
23 error Or if that isn't available, you can get their info via:
23 error     npm owner ls tinkoff_fintech_frontend_3
23 error There is likely additional logging output above.
24 verbose exit [ 1, true ]
